==24542== Memcheck, a memory error detector
==24542== Copyright (C) 2002-2017, and GNU GPL'd, by Julian Seward et al.
==24542== Using Valgrind-3.18.1 and LibVEX; rerun with -h for copyright info
==24542== Command: ./cub3D map.cub
==24542== Parent PID: 10432
==24542== 
==24542== Conditional jump or move depends on uninitialised value(s)
==24542==    at 0x111F64: truc_move (in /home/gy0m/42/git/4/BRUH/cub3D)
==24542==    by 0x110F24: raycasting (in /home/gy0m/42/git/4/BRUH/cub3D)
==24542==    by 0x113C4C: mlx_loop (in /home/gy0m/42/git/4/BRUH/cub3D)
==24542==    by 0x110590: mlx_hooks (in /home/gy0m/42/git/4/BRUH/cub3D)
==24542==    by 0x110607: start_mlx (in /home/gy0m/42/git/4/BRUH/cub3D)
==24542==    by 0x10FA79: main (in /home/gy0m/42/git/4/BRUH/cub3D)
==24542==  Uninitialised value was created by a stack allocation
==24542==    at 0x10F9F5: main (in /home/gy0m/42/git/4/BRUH/cub3D)
==24542== 
==24542== Conditional jump or move depends on uninitialised value(s)
==24542==    at 0x111F89: truc_move (in /home/gy0m/42/git/4/BRUH/cub3D)
==24542==    by 0x110F24: raycasting (in /home/gy0m/42/git/4/BRUH/cub3D)
==24542==    by 0x113C4C: mlx_loop (in /home/gy0m/42/git/4/BRUH/cub3D)
==24542==    by 0x110590: mlx_hooks (in /home/gy0m/42/git/4/BRUH/cub3D)
==24542==    by 0x110607: start_mlx (in /home/gy0m/42/git/4/BRUH/cub3D)
==24542==    by 0x10FA79: main (in /home/gy0m/42/git/4/BRUH/cub3D)
==24542==  Uninitialised value was created by a stack allocation
==24542==    at 0x10F9F5: main (in /home/gy0m/42/git/4/BRUH/cub3D)
==24542== 
==24542== Conditional jump or move depends on uninitialised value(s)
==24542==    at 0x111FAE: truc_move (in /home/gy0m/42/git/4/BRUH/cub3D)
==24542==    by 0x110F24: raycasting (in /home/gy0m/42/git/4/BRUH/cub3D)
==24542==    by 0x113C4C: mlx_loop (in /home/gy0m/42/git/4/BRUH/cub3D)
==24542==    by 0x110590: mlx_hooks (in /home/gy0m/42/git/4/BRUH/cub3D)
==24542==    by 0x110607: start_mlx (in /home/gy0m/42/git/4/BRUH/cub3D)
==24542==    by 0x10FA79: main (in /home/gy0m/42/git/4/BRUH/cub3D)
==24542==  Uninitialised value was created by a stack allocation
==24542==    at 0x10F9F5: main (in /home/gy0m/42/git/4/BRUH/cub3D)
==24542== 
==24542== Conditional jump or move depends on uninitialised value(s)
==24542==    at 0x111FD3: truc_move (in /home/gy0m/42/git/4/BRUH/cub3D)
==24542==    by 0x110F24: raycasting (in /home/gy0m/42/git/4/BRUH/cub3D)
==24542==    by 0x113C4C: mlx_loop (in /home/gy0m/42/git/4/BRUH/cub3D)
==24542==    by 0x110590: mlx_hooks (in /home/gy0m/42/git/4/BRUH/cub3D)
==24542==    by 0x110607: start_mlx (in /home/gy0m/42/git/4/BRUH/cub3D)
==24542==    by 0x10FA79: main (in /home/gy0m/42/git/4/BRUH/cub3D)
==24542==  Uninitialised value was created by a stack allocation
==24542==    at 0x10F9F5: main (in /home/gy0m/42/git/4/BRUH/cub3D)
==24542== 
==24542== Conditional jump or move depends on uninitialised value(s)
==24542==    at 0x111FF8: truc_move (in /home/gy0m/42/git/4/BRUH/cub3D)
==24542==    by 0x110F24: raycasting (in /home/gy0m/42/git/4/BRUH/cub3D)
==24542==    by 0x113C4C: mlx_loop (in /home/gy0m/42/git/4/BRUH/cub3D)
==24542==    by 0x110590: mlx_hooks (in /home/gy0m/42/git/4/BRUH/cub3D)
==24542==    by 0x110607: start_mlx (in /home/gy0m/42/git/4/BRUH/cub3D)
==24542==    by 0x10FA79: main (in /home/gy0m/42/git/4/BRUH/cub3D)
==24542==  Uninitialised value was created by a stack allocation
==24542==    at 0x10F9F5: main (in /home/gy0m/42/git/4/BRUH/cub3D)
==24542== 
==24542== Conditional jump or move depends on uninitialised value(s)
==24542==    at 0x112013: truc_move (in /home/gy0m/42/git/4/BRUH/cub3D)
==24542==    by 0x110F24: raycasting (in /home/gy0m/42/git/4/BRUH/cub3D)
==24542==    by 0x113C4C: mlx_loop (in /home/gy0m/42/git/4/BRUH/cub3D)
==24542==    by 0x110590: mlx_hooks (in /home/gy0m/42/git/4/BRUH/cub3D)
==24542==    by 0x110607: start_mlx (in /home/gy0m/42/git/4/BRUH/cub3D)
==24542==    by 0x10FA79: main (in /home/gy0m/42/git/4/BRUH/cub3D)
==24542==  Uninitialised value was created by a stack allocation
==24542==    at 0x10F9F5: main (in /home/gy0m/42/git/4/BRUH/cub3D)
==24542== 
==24542== Use of uninitialised value of size 8
==24542==    at 0x110F3B: raycasting (in /home/gy0m/42/git/4/BRUH/cub3D)
==24542==    by 0x113C4C: mlx_loop (in /home/gy0m/42/git/4/BRUH/cub3D)
==24542==    by 0x110590: mlx_hooks (in /home/gy0m/42/git/4/BRUH/cub3D)
==24542==    by 0x110607: start_mlx (in /home/gy0m/42/git/4/BRUH/cub3D)
==24542==    by 0x10FA79: main (in /home/gy0m/42/git/4/BRUH/cub3D)
==24542==  Uninitialised value was created by a stack allocation
==24542==    at 0x10F9FD: main (in /home/gy0m/42/git/4/BRUH/cub3D)
==24542== 
==24542== Invalid read of size 8
==24542==    at 0x110F3B: raycasting (in /home/gy0m/42/git/4/BRUH/cub3D)
==24542==    by 0x113C4C: mlx_loop (in /home/gy0m/42/git/4/BRUH/cub3D)
==24542==    by 0x110590: mlx_hooks (in /home/gy0m/42/git/4/BRUH/cub3D)
==24542==    by 0x110607: start_mlx (in /home/gy0m/42/git/4/BRUH/cub3D)
==24542==    by 0x10FA79: main (in /home/gy0m/42/git/4/BRUH/cub3D)
==24542==  Address 0x70 is not stack'd, malloc'd or (recently) free'd
==24542== 
==24542== 
==24542== Process terminating with default action of signal 11 (SIGSEGV)
==24542==  Access not within mapped region at address 0x70
==24542==    at 0x110F3B: raycasting (in /home/gy0m/42/git/4/BRUH/cub3D)
==24542==    by 0x113C4C: mlx_loop (in /home/gy0m/42/git/4/BRUH/cub3D)
==24542==    by 0x110590: mlx_hooks (in /home/gy0m/42/git/4/BRUH/cub3D)
==24542==    by 0x110607: start_mlx (in /home/gy0m/42/git/4/BRUH/cub3D)
==24542==    by 0x10FA79: main (in /home/gy0m/42/git/4/BRUH/cub3D)
==24542==  If you believe this happened as a result of a stack
==24542==  overflow in your program's main thread (unlikely but
==24542==  possible), you can try to increase the size of the
==24542==  main thread stack using the --main-stacksize= flag.
==24542==  The main thread stack size used in this run was 8388608.
==24542== 
==24542== HEAP SUMMARY:
==24542==     in use at exit: 75,045 bytes in 79 blocks
==24542==   total heap usage: 340 allocs, 261 frees, 90,315 bytes allocated
==24542== 
==24542== 3 bytes in 1 blocks are still reachable in loss record 1 of 56
==24542==    at 0x4848899: malloc (in /usr/libexec/valgrind/vgpreload_memcheck-amd64-linux.so)
==24542==    by 0x4B5058E: strdup (strdup.c:42)
==24542==    by 0x48B0B45: XOpenDisplay (in /usr/lib/x86_64-linux-gnu/libX11.so.6.4.0)
==24542==    by 0x1138A7: mlx_init (in /home/gy0m/42/git/4/BRUH/cub3D)
==24542==    by 0x1103D1: init_mlx (in /home/gy0m/42/git/4/BRUH/cub3D)
==24542==    by 0x1105B3: start_mlx (in /home/gy0m/42/git/4/BRUH/cub3D)
==24542==    by 0x10FA79: main (in /home/gy0m/42/git/4/BRUH/cub3D)
==24542== 
==24542== 8 bytes in 1 blocks are still reachable in loss record 2 of 56
==24542==    at 0x4848899: malloc (in /usr/libexec/valgrind/vgpreload_memcheck-amd64-linux.so)
==24542==    by 0x4B5058E: strdup (strdup.c:42)
==24542==    by 0x48AD9AE: XInitExtension (in /usr/lib/x86_64-linux-gnu/libX11.so.6.4.0)
==24542==    by 0x4872820: XextAddDisplay (in /usr/lib/x86_64-linux-gnu/libXext.so.6.4.0)
==24542==    by 0x48779E2: XShmQueryVersion (in /usr/lib/x86_64-linux-gnu/libXext.so.6.4.0)
==24542==    by 0x1136D3: mlx_int_deal_shm (in /home/gy0m/42/git/4/BRUH/cub3D)
==24542==    by 0x113961: mlx_init (in /home/gy0m/42/git/4/BRUH/cub3D)
==24542==    by 0x1103D1: init_mlx (in /home/gy0m/42/git/4/BRUH/cub3D)
==24542==    by 0x1105B3: start_mlx (in /home/gy0m/42/git/4/BRUH/cub3D)
==24542==    by 0x10FA79: main (in /home/gy0m/42/git/4/BRUH/cub3D)
==24542== 
==24542== 8 bytes in 1 blocks are still reachable in loss record 3 of 56
==24542==    at 0x4848899: malloc (in /usr/libexec/valgrind/vgpreload_memcheck-amd64-linux.so)
==24542==    by 0x4870B34: ??? (in /usr/lib/x86_64-linux-gnu/libXext.so.6.4.0)
==24542==    by 0x48729DF: XextAddDisplay (in /usr/lib/x86_64-linux-gnu/libXext.so.6.4.0)
==24542==    by 0x48779E2: XShmQueryVersion (in /usr/lib/x86_64-linux-gnu/libXext.so.6.4.0)
==24542==    by 0x1136D3: mlx_int_deal_shm (in /home/gy0m/42/git/4/BRUH/cub3D)
==24542==    by 0x113961: mlx_init (in /home/gy0m/42/git/4/BRUH/cub3D)
==24542==    by 0x1103D1: init_mlx (in /home/gy0m/42/git/4/BRUH/cub3D)
==24542==    by 0x1105B3: start_mlx (in /home/gy0m/42/git/4/BRUH/cub3D)
==24542==    by 0x10FA79: main (in /home/gy0m/42/git/4/BRUH/cub3D)
==24542== 
==24542== 10 bytes in 1 blocks are still reachable in loss record 4 of 56
==24542==    at 0x4848899: malloc (in /usr/libexec/valgrind/vgpreload_memcheck-amd64-linux.so)
==24542==    by 0x4B5058E: strdup (strdup.c:42)
==24542==    by 0x48AD9AE: XInitExtension (in /usr/lib/x86_64-linux-gnu/libX11.so.6.4.0)
==24542==    by 0x4917213: XkbUseExtension (in /usr/lib/x86_64-linux-gnu/libX11.so.6.4.0)
==24542==    by 0x48B16A8: XOpenDisplay (in /usr/lib/x86_64-linux-gnu/libX11.so.6.4.0)
==24542==    by 0x1138A7: mlx_init (in /home/gy0m/42/git/4/BRUH/cub3D)
==24542==    by 0x1103D1: init_mlx (in /home/gy0m/42/git/4/BRUH/cub3D)
==24542==    by 0x1105B3: start_mlx (in /home/gy0m/42/git/4/BRUH/cub3D)
==24542==    by 0x10FA79: main (in /home/gy0m/42/git/4/BRUH/cub3D)
==24542== 
==24542== 16 bytes in 1 blocks are still reachable in loss record 5 of 56
==24542==    at 0x4848899: malloc (in /usr/libexec/valgrind/vgpreload_memcheck-amd64-linux.so)
==24542==    by 0x4CE22EE: xcb_connect_to_fd (in /usr/lib/x86_64-linux-gnu/libxcb.so.1.1.0)
==24542==    by 0x4CE2E6B: xcb_connect_to_display_with_auth_info (in /usr/lib/x86_64-linux-gnu/libxcb.so.1.1.0)
==24542==    by 0x48C0EE9: _XConnectXCB (in /usr/lib/x86_64-linux-gnu/libX11.so.6.4.0)
==24542==    by 0x48B0B68: XOpenDisplay (in /usr/lib/x86_64-linux-gnu/libX11.so.6.4.0)
==24542==    by 0x1138A7: mlx_init (in /home/gy0m/42/git/4/BRUH/cub3D)
==24542==    by 0x1103D1: init_mlx (in /home/gy0m/42/git/4/BRUH/cub3D)
==24542==    by 0x1105B3: start_mlx (in /home/gy0m/42/git/4/BRUH/cub3D)
==24542==    by 0x10FA79: main (in /home/gy0m/42/git/4/BRUH/cub3D)
==24542== 
==24542== 21 bytes in 1 blocks are still reachable in loss record 6 of 56
==24542==    at 0x4848899: malloc (in /usr/libexec/valgrind/vgpreload_memcheck-amd64-linux.so)
==24542==    by 0x48B103E: XOpenDisplay (in /usr/lib/x86_64-linux-gnu/libX11.so.6.4.0)
==24542==    by 0x1138A7: mlx_init (in /home/gy0m/42/git/4/BRUH/cub3D)
==24542==    by 0x1103D1: init_mlx (in /home/gy0m/42/git/4/BRUH/cub3D)
==24542==    by 0x1105B3: start_mlx (in /home/gy0m/42/git/4/BRUH/cub3D)
==24542==    by 0x10FA79: main (in /home/gy0m/42/git/4/BRUH/cub3D)
==24542== 
==24542== 24 bytes in 1 blocks are still reachable in loss record 7 of 56
==24542==    at 0x4848899: malloc (in /usr/libexec/valgrind/vgpreload_memcheck-amd64-linux.so)
==24542==    by 0x4872041: XextCreateExtension (in /usr/lib/x86_64-linux-gnu/libXext.so.6.4.0)
==24542==    by 0x48724CC: ??? (in /usr/lib/x86_64-linux-gnu/libXext.so.6.4.0)
==24542==    by 0x48729C8: XextAddDisplay (in /usr/lib/x86_64-linux-gnu/libXext.so.6.4.0)
==24542==    by 0x48779E2: XShmQueryVersion (in /usr/lib/x86_64-linux-gnu/libXext.so.6.4.0)
==24542==    by 0x1136D3: mlx_int_deal_shm (in /home/gy0m/42/git/4/BRUH/cub3D)
==24542==    by 0x113961: mlx_init (in /home/gy0m/42/git/4/BRUH/cub3D)
==24542==    by 0x1103D1: init_mlx (in /home/gy0m/42/git/4/BRUH/cub3D)
==24542==    by 0x1105B3: start_mlx (in /home/gy0m/42/git/4/BRUH/cub3D)
==24542==    by 0x10FA79: main (in /home/gy0m/42/git/4/BRUH/cub3D)
==24542== 
==24542== 24 bytes in 1 blocks are still reachable in loss record 8 of 56
==24542==    at 0x4848899: malloc (in /usr/libexec/valgrind/vgpreload_memcheck-amd64-linux.so)
==24542==    by 0x4B5058E: strdup (strdup.c:42)
==24542==    by 0x48AD9AE: XInitExtension (in /usr/lib/x86_64-linux-gnu/libX11.so.6.4.0)
==24542==    by 0x4872820: XextAddDisplay (in /usr/lib/x86_64-linux-gnu/libXext.so.6.4.0)
==24542==    by 0x487250A: ??? (in /usr/lib/x86_64-linux-gnu/libXext.so.6.4.0)
==24542==    by 0x48729C8: XextAddDisplay (in /usr/lib/x86_64-linux-gnu/libXext.so.6.4.0)
==24542==    by 0x48779E2: XShmQueryVersion (in /usr/lib/x86_64-linux-gnu/libXext.so.6.4.0)
==24542==    by 0x1136D3: mlx_int_deal_shm (in /home/gy0m/42/git/4/BRUH/cub3D)
==24542==    by 0x113961: mlx_init (in /home/gy0m/42/git/4/BRUH/cub3D)
==24542==    by 0x1103D1: init_mlx (in /home/gy0m/42/git/4/BRUH/cub3D)
==24542==    by 0x1105B3: start_mlx (in /home/gy0m/42/git/4/BRUH/cub3D)
==24542==    by 0x10FA79: main (in /home/gy0m/42/git/4/BRUH/cub3D)
==24542== 
==24542== 24 bytes in 1 blocks are still reachable in loss record 9 of 56
==24542==    at 0x4848899: malloc (in /usr/libexec/valgrind/vgpreload_memcheck-amd64-linux.so)
==24542==    by 0x48729F5: XextAddDisplay (in /usr/lib/x86_64-linux-gnu/libXext.so.6.4.0)
==24542==    by 0x48779E2: XShmQueryVersion (in /usr/lib/x86_64-linux-gnu/libXext.so.6.4.0)
==24542==    by 0x1136D3: mlx_int_deal_shm (in /home/gy0m/42/git/4/BRUH/cub3D)
==24542==    by 0x113961: mlx_init (in /home/gy0m/42/git/4/BRUH/cub3D)
==24542==    by 0x1103D1: init_mlx (in /home/gy0m/42/git/4/BRUH/cub3D)
==24542==    by 0x1105B3: start_mlx (in /home/gy0m/42/git/4/BRUH/cub3D)
==24542==    by 0x10FA79: main (in /home/gy0m/42/git/4/BRUH/cub3D)
==24542== 
==24542== 24 bytes in 1 blocks are still reachable in loss record 10 of 56
==24542==    at 0x4848899: malloc (in /usr/libexec/valgrind/vgpreload_memcheck-amd64-linux.so)
==24542==    by 0x48BEA65: ??? (in /usr/lib/x86_64-linux-gnu/libX11.so.6.4.0)
==24542==    by 0x48C72C6: _XReply (in /usr/lib/x86_64-linux-gnu/libX11.so.6.4.0)
==24542==    by 0x48C777E: XSync (in /usr/lib/x86_64-linux-gnu/libX11.so.6.4.0)
==24542==    by 0x113C37: mlx_loop (in /home/gy0m/42/git/4/BRUH/cub3D)
==24542==    by 0x110590: mlx_hooks (in /home/gy0m/42/git/4/BRUH/cub3D)
==24542==    by 0x110607: start_mlx (in /home/gy0m/42/git/4/BRUH/cub3D)
==24542==    by 0x10FA79: main (in /home/gy0m/42/git/4/BRUH/cub3D)
==24542== 
==24542== 29 bytes in 1 blocks are still reachable in loss record 11 of 56
==24542==    at 0x4848899: malloc (in /usr/libexec/valgrind/vgpreload_memcheck-amd64-linux.so)
==24542==    by 0x48AA0CD: _XUpdateAtomCache (in /usr/lib/x86_64-linux-gnu/libX11.so.6.4.0)
==24542==    by 0x48AC929: XInternAtom (in /usr/lib/x86_64-linux-gnu/libX11.so.6.4.0)
==24542==    by 0x113952: mlx_init (in /home/gy0m/42/git/4/BRUH/cub3D)
==24542==    by 0x1103D1: init_mlx (in /home/gy0m/42/git/4/BRUH/cub3D)
==24542==    by 0x1105B3: start_mlx (in /home/gy0m/42/git/4/BRUH/cub3D)
==24542==    by 0x10FA79: main (in /home/gy0m/42/git/4/BRUH/cub3D)
==24542== 
==24542== 32 bytes in 1 blocks are still reachable in loss record 12 of 56
==24542==    at 0x48487A9: malloc (in /usr/libexec/valgrind/vgpreload_memcheck-amd64-linux.so)
==24542==    by 0x4CE615E: ??? (in /usr/lib/x86_64-linux-gnu/libxcb.so.1.1.0)
==24542==    by 0x4CE6237: xcb_get_extension_data (in /usr/lib/x86_64-linux-gnu/libxcb.so.1.1.0)
==24542==    by 0x4CE62EE: xcb_prefetch_maximum_request_length (in /usr/lib/x86_64-linux-gnu/libxcb.so.1.1.0)
==24542==    by 0x4CE6364: xcb_get_maximum_request_length (in /usr/lib/x86_64-linux-gnu/libxcb.so.1.1.0)
==24542==    by 0x48B152B: XOpenDisplay (in /usr/lib/x86_64-linux-gnu/libX11.so.6.4.0)
==24542==    by 0x1138A7: mlx_init (in /home/gy0m/42/git/4/BRUH/cub3D)
==24542==    by 0x1103D1: init_mlx (in /home/gy0m/42/git/4/BRUH/cub3D)
==24542==    by 0x1105B3: start_mlx (in /home/gy0m/42/git/4/BRUH/cub3D)
==24542==    by 0x10FA79: main (in /home/gy0m/42/git/4/BRUH/cub3D)
==24542== 
==24542== 32 bytes in 1 blocks are still reachable in loss record 13 of 56
==24542==    at 0x4848899: malloc (in /usr/libexec/valgrind/vgpreload_memcheck-amd64-linux.so)
==24542==    by 0x4CDF1B7: ??? (in /usr/lib/x86_64-linux-gnu/libxcb.so.1.1.0)
==24542==    by 0x4CDFA08: ??? (in /usr/lib/x86_64-linux-gnu/libxcb.so.1.1.0)
==24542==    by 0x4CDFEB0: ??? (in /usr/lib/x86_64-linux-gnu/libxcb.so.1.1.0)
==24542==    by 0x4CE0E44: xcb_wait_for_reply (in /usr/lib/x86_64-linux-gnu/libxcb.so.1.1.0)
==24542==    by 0x4CE6292: xcb_get_extension_data (in /usr/lib/x86_64-linux-gnu/libxcb.so.1.1.0)
==24542==    by 0x4CE62EE: xcb_prefetch_maximum_request_length (in /usr/lib/x86_64-linux-gnu/libxcb.so.1.1.0)
==24542==    by 0x4CE6364: xcb_get_maximum_request_length (in /usr/lib/x86_64-linux-gnu/libxcb.so.1.1.0)
==24542==    by 0x48B152B: XOpenDisplay (in /usr/lib/x86_64-linux-gnu/libX11.so.6.4.0)
==24542==    by 0x1138A7: mlx_init (in /home/gy0m/42/git/4/BRUH/cub3D)
==24542==    by 0x1103D1: init_mlx (in /home/gy0m/42/git/4/BRUH/cub3D)
==24542==    by 0x1105B3: start_mlx (in /home/gy0m/42/git/4/BRUH/cub3D)
==24542== 
==24542== 32 bytes in 1 blocks are still reachable in loss record 14 of 56
==24542==    at 0x4848899: malloc (in /usr/libexec/valgrind/vgpreload_memcheck-amd64-linux.so)
==24542==    by 0x48727FF: XextAddDisplay (in /usr/lib/x86_64-linux-gnu/libXext.so.6.4.0)
==24542==    by 0x48779E2: XShmQueryVersion (in /usr/lib/x86_64-linux-gnu/libXext.so.6.4.0)
==24542==    by 0x1136D3: mlx_int_deal_shm (in /home/gy0m/42/git/4/BRUH/cub3D)
==24542==    by 0x113961: mlx_init (in /home/gy0m/42/git/4/BRUH/cub3D)
==24542==    by 0x1103D1: init_mlx (in /home/gy0m/42/git/4/BRUH/cub3D)
==24542==    by 0x1105B3: start_mlx (in /home/gy0m/42/git/4/BRUH/cub3D)
==24542==    by 0x10FA79: main (in /home/gy0m/42/git/4/BRUH/cub3D)
==24542== 
==24542== 32 bytes in 1 blocks are still reachable in loss record 15 of 56
==24542==    at 0x4848899: malloc (in /usr/libexec/valgrind/vgpreload_memcheck-amd64-linux.so)
==24542==    by 0x48727FF: XextAddDisplay (in /usr/lib/x86_64-linux-gnu/libXext.so.6.4.0)
==24542==    by 0x487250A: ??? (in /usr/lib/x86_64-linux-gnu/libXext.so.6.4.0)
==24542==    by 0x48729C8: XextAddDisplay (in /usr/lib/x86_64-linux-gnu/libXext.so.6.4.0)
==24542==    by 0x48779E2: XShmQueryVersion (in /usr/lib/x86_64-linux-gnu/libXext.so.6.4.0)
==24542==    by 0x1136D3: mlx_int_deal_shm (in /home/gy0m/42/git/4/BRUH/cub3D)
==24542==    by 0x113961: mlx_init (in /home/gy0m/42/git/4/BRUH/cub3D)
==24542==    by 0x1103D1: init_mlx (in /home/gy0m/42/git/4/BRUH/cub3D)
==24542==    by 0x1105B3: start_mlx (in /home/gy0m/42/git/4/BRUH/cub3D)
==24542==    by 0x10FA79: main (in /home/gy0m/42/git/4/BRUH/cub3D)
==24542== 
==24542== 33 bytes in 1 blocks are still reachable in loss record 16 of 56
==24542==    at 0x4848899: malloc (in /usr/libexec/valgrind/vgpreload_memcheck-amd64-linux.so)
==24542==    by 0x48AA0CD: _XUpdateAtomCache (in /usr/lib/x86_64-linux-gnu/libX11.so.6.4.0)
==24542==    by 0x48AC929: XInternAtom (in /usr/lib/x86_64-linux-gnu/libX11.so.6.4.0)
==24542==    by 0x11393B: mlx_init (in /home/gy0m/42/git/4/BRUH/cub3D)
==24542==    by 0x1103D1: init_mlx (in /home/gy0m/42/git/4/BRUH/cub3D)
==24542==    by 0x1105B3: start_mlx (in /home/gy0m/42/git/4/BRUH/cub3D)
==24542==    by 0x10FA79: main (in /home/gy0m/42/git/4/BRUH/cub3D)
==24542== 
==24542== 40 bytes in 1 blocks are still reachable in loss record 17 of 56
==24542==    at 0x4848899: malloc (in /usr/libexec/valgrind/vgpreload_memcheck-amd64-linux.so)
==24542==    by 0x48C11F1: _XPollfdCacheInit (in /usr/lib/x86_64-linux-gnu/libX11.so.6.4.0)
==24542==    by 0x48B0E71: XOpenDisplay (in /usr/lib/x86_64-linux-gnu/libX11.so.6.4.0)
==24542==    by 0x1138A7: mlx_init (in /home/gy0m/42/git/4/BRUH/cub3D)
==24542==    by 0x1103D1: init_mlx (in /home/gy0m/42/git/4/BRUH/cub3D)
==24542==    by 0x1105B3: start_mlx (in /home/gy0m/42/git/4/BRUH/cub3D)
==24542==    by 0x10FA79: main (in /home/gy0m/42/git/4/BRUH/cub3D)
==24542== 
==24542== 48 bytes in 1 blocks are still reachable in loss record 18 of 56
==24542==    at 0x4848899: malloc (in /usr/libexec/valgrind/vgpreload_memcheck-amd64-linux.so)
==24542==    by 0x48C0E71: _XConnectXCB (in /usr/lib/x86_64-linux-gnu/libX11.so.6.4.0)
==24542==    by 0x48B0B68: XOpenDisplay (in /usr/lib/x86_64-linux-gnu/libX11.so.6.4.0)
==24542==    by 0x1138A7: mlx_init (in /home/gy0m/42/git/4/BRUH/cub3D)
==24542==    by 0x1103D1: init_mlx (in /home/gy0m/42/git/4/BRUH/cub3D)
==24542==    by 0x1105B3: start_mlx (in /home/gy0m/42/git/4/BRUH/cub3D)
==24542==    by 0x10FA79: main (in /home/gy0m/42/git/4/BRUH/cub3D)
==24542== 
==24542== 48 bytes in 1 blocks are still reachable in loss record 19 of 56
==24542==    at 0x4848899: malloc (in /usr/libexec/valgrind/vgpreload_memcheck-amd64-linux.so)
==24542==    by 0x48C0E87: _XConnectXCB (in /usr/lib/x86_64-linux-gnu/libX11.so.6.4.0)
==24542==    by 0x48B0B68: XOpenDisplay (in /usr/lib/x86_64-linux-gnu/libX11.so.6.4.0)
==24542==    by 0x1138A7: mlx_init (in /home/gy0m/42/git/4/BRUH/cub3D)
==24542==    by 0x1103D1: init_mlx (in /home/gy0m/42/git/4/BRUH/cub3D)
==24542==    by 0x1105B3: start_mlx (in /home/gy0m/42/git/4/BRUH/cub3D)
==24542==    by 0x10FA79: main (in /home/gy0m/42/git/4/BRUH/cub3D)
==24542== 
==24542== 72 bytes in 1 blocks are still reachable in loss record 20 of 56
==24542==    at 0x484DA83: calloc (in /usr/libexec/valgrind/vgpreload_memcheck-amd64-linux.so)
==24542==    by 0x48B0F20: XOpenDisplay (in /usr/lib/x86_64-linux-gnu/libX11.so.6.4.0)
==24542==    by 0x1138A7: mlx_init (in /home/gy0m/42/git/4/BRUH/cub3D)
==24542==    by 0x1103D1: init_mlx (in /home/gy0m/42/git/4/BRUH/cub3D)
==24542==    by 0x1105B3: start_mlx (in /home/gy0m/42/git/4/BRUH/cub3D)
==24542==    by 0x10FA79: main (in /home/gy0m/42/git/4/BRUH/cub3D)
==24542== 
==24542== 88 bytes in 1 blocks are still reachable in loss record 21 of 56
==24542==    at 0x484DA83: calloc (in /usr/libexec/valgrind/vgpreload_memcheck-amd64-linux.so)
==24542==    by 0x113F4B: mlx_int_new_xshm_image (in /home/gy0m/42/git/4/BRUH/cub3D)
==24542==    by 0x114272: mlx_new_image (in /home/gy0m/42/git/4/BRUH/cub3D)
==24542==    by 0x110464: init_mlx_window (in /home/gy0m/42/git/4/BRUH/cub3D)
==24542==    by 0x1105E4: start_mlx (in /home/gy0m/42/git/4/BRUH/cub3D)
==24542==    by 0x10FA79: main (in /home/gy0m/42/git/4/BRUH/cub3D)
==24542== 
==24542== 88 bytes in 1 blocks are still reachable in loss record 22 of 56
==24542==    at 0x484DA83: calloc (in /usr/libexec/valgrind/vgpreload_memcheck-amd64-linux.so)
==24542==    by 0x113F4B: mlx_int_new_xshm_image (in /home/gy0m/42/git/4/BRUH/cub3D)
==24542==    by 0x114272: mlx_new_image (in /home/gy0m/42/git/4/BRUH/cub3D)
==24542==    by 0x114B57: mlx_int_parse_xpm (in /home/gy0m/42/git/4/BRUH/cub3D)
==24542==    by 0x114F84: mlx_xpm_file_to_image (in /home/gy0m/42/git/4/BRUH/cub3D)
==24542==    by 0x110294: open_textures (in /home/gy0m/42/git/4/BRUH/cub3D)
==24542==    by 0x1105F0: start_mlx (in /home/gy0m/42/git/4/BRUH/cub3D)
==24542==    by 0x10FA79: main (in /home/gy0m/42/git/4/BRUH/cub3D)
==24542== 
==24542== 88 bytes in 1 blocks are still reachable in loss record 23 of 56
==24542==    at 0x484DA83: calloc (in /usr/libexec/valgrind/vgpreload_memcheck-amd64-linux.so)
==24542==    by 0x113F4B: mlx_int_new_xshm_image (in /home/gy0m/42/git/4/BRUH/cub3D)
==24542==    by 0x114272: mlx_new_image (in /home/gy0m/42/git/4/BRUH/cub3D)
==24542==    by 0x114B57: mlx_int_parse_xpm (in /home/gy0m/42/git/4/BRUH/cub3D)
==24542==    by 0x114F84: mlx_xpm_file_to_image (in /home/gy0m/42/git/4/BRUH/cub3D)
==24542==    by 0x11032B: open_textures (in /home/gy0m/42/git/4/BRUH/cub3D)
==24542==    by 0x1105F0: start_mlx (in /home/gy0m/42/git/4/BRUH/cub3D)
==24542==    by 0x10FA79: main (in /home/gy0m/42/git/4/BRUH/cub3D)
==24542== 
==24542== 88 bytes in 1 blocks are still reachable in loss record 24 of 56
==24542==    at 0x484DA83: calloc (in /usr/libexec/valgrind/vgpreload_memcheck-amd64-linux.so)
==24542==    by 0x113F4B: mlx_int_new_xshm_image (in /home/gy0m/42/git/4/BRUH/cub3D)
==24542==    by 0x114272: mlx_new_image (in /home/gy0m/42/git/4/BRUH/cub3D)
==24542==    by 0x114B57: mlx_int_parse_xpm (in /home/gy0m/42/git/4/BRUH/cub3D)
==24542==    by 0x114F84: mlx_xpm_file_to_image (in /home/gy0m/42/git/4/BRUH/cub3D)
==24542==    by 0x110129: open_textures2 (in /home/gy0m/42/git/4/BRUH/cub3D)
==24542==    by 0x1103B0: open_textures (in /home/gy0m/42/git/4/BRUH/cub3D)
==24542==    by 0x1105F0: start_mlx (in /home/gy0m/42/git/4/BRUH/cub3D)
==24542==    by 0x10FA79: main (in /home/gy0m/42/git/4/BRUH/cub3D)
==24542== 
==24542== 88 bytes in 1 blocks are still reachable in loss record 25 of 56
==24542==    at 0x484DA83: calloc (in /usr/libexec/valgrind/vgpreload_memcheck-amd64-linux.so)
==24542==    by 0x113F4B: mlx_int_new_xshm_image (in /home/gy0m/42/git/4/BRUH/cub3D)
==24542==    by 0x114272: mlx_new_image (in /home/gy0m/42/git/4/BRUH/cub3D)
==24542==    by 0x114B57: mlx_int_parse_xpm (in /home/gy0m/42/git/4/BRUH/cub3D)
==24542==    by 0x114F84: mlx_xpm_file_to_image (in /home/gy0m/42/git/4/BRUH/cub3D)
==24542==    by 0x1101D8: open_textures2 (in /home/gy0m/42/git/4/BRUH/cub3D)
==24542==    by 0x1103B0: open_textures (in /home/gy0m/42/git/4/BRUH/cub3D)
==24542==    by 0x1105F0: start_mlx (in /home/gy0m/42/git/4/BRUH/cub3D)
==24542==    by 0x10FA79: main (in /home/gy0m/42/git/4/BRUH/cub3D)
==24542== 
==24542== 112 bytes in 1 blocks are still reachable in loss record 26 of 56
==24542==    at 0x484DA83: calloc (in /usr/libexec/valgrind/vgpreload_memcheck-amd64-linux.so)
==24542==    by 0x48C0D72: _XConnectXCB (in /usr/lib/x86_64-linux-gnu/libX11.so.6.4.0)
==24542==    by 0x48B0B68: XOpenDisplay (in /usr/lib/x86_64-linux-gnu/libX11.so.6.4.0)
==24542==    by 0x1138A7: mlx_init (in /home/gy0m/42/git/4/BRUH/cub3D)
==24542==    by 0x1103D1: init_mlx (in /home/gy0m/42/git/4/BRUH/cub3D)
==24542==    by 0x1105B3: start_mlx (in /home/gy0m/42/git/4/BRUH/cub3D)
==24542==    by 0x10FA79: main (in /home/gy0m/42/git/4/BRUH/cub3D)
==24542== 
==24542== 112 bytes in 1 blocks are still reachable in loss record 27 of 56
==24542==    at 0x484DA83: calloc (in /usr/libexec/valgrind/vgpreload_memcheck-amd64-linux.so)
==24542==    by 0x48B1200: XOpenDisplay (in /usr/lib/x86_64-linux-gnu/libX11.so.6.4.0)
==24542==    by 0x1138A7: mlx_init (in /home/gy0m/42/git/4/BRUH/cub3D)
==24542==    by 0x1103D1: init_mlx (in /home/gy0m/42/git/4/BRUH/cub3D)
==24542==    by 0x1105B3: start_mlx (in /home/gy0m/42/git/4/BRUH/cub3D)
==24542==    by 0x10FA79: main (in /home/gy0m/42/git/4/BRUH/cub3D)
==24542== 
==24542== 128 bytes in 1 blocks are still reachable in loss record 28 of 56
==24542==    at 0x484DA83: calloc (in /usr/libexec/valgrind/vgpreload_memcheck-amd64-linux.so)
==24542==    by 0x48B112E: XOpenDisplay (in /usr/lib/x86_64-linux-gnu/libX11.so.6.4.0)
==24542==    by 0x1138A7: mlx_init (in /home/gy0m/42/git/4/BRUH/cub3D)
==24542==    by 0x1103D1: init_mlx (in /home/gy0m/42/git/4/BRUH/cub3D)
==24542==    by 0x1105B3: start_mlx (in /home/gy0m/42/git/4/BRUH/cub3D)
==24542==    by 0x10FA79: main (in /home/gy0m/42/git/4/BRUH/cub3D)
==24542== 
==24542== 128 bytes in 1 blocks are still reachable in loss record 29 of 56
==24542==    at 0x484DA83: calloc (in /usr/libexec/valgrind/vgpreload_memcheck-amd64-linux.so)
==24542==    by 0x48AD99E: XInitExtension (in /usr/lib/x86_64-linux-gnu/libX11.so.6.4.0)
==24542==    by 0x4917213: XkbUseExtension (in /usr/lib/x86_64-linux-gnu/libX11.so.6.4.0)
==24542==    by 0x48B16A8: XOpenDisplay (in /usr/lib/x86_64-linux-gnu/libX11.so.6.4.0)
==24542==    by 0x1138A7: mlx_init (in /home/gy0m/42/git/4/BRUH/cub3D)
==24542==    by 0x1103D1: init_mlx (in /home/gy0m/42/git/4/BRUH/cub3D)
==24542==    by 0x1105B3: start_mlx (in /home/gy0m/42/git/4/BRUH/cub3D)
==24542==    by 0x10FA79: main (in /home/gy0m/42/git/4/BRUH/cub3D)
==24542== 
==24542== 128 bytes in 1 blocks are still reachable in loss record 30 of 56
==24542==    at 0x484DA83: calloc (in /usr/libexec/valgrind/vgpreload_memcheck-amd64-linux.so)
==24542==    by 0x48AD99E: XInitExtension (in /usr/lib/x86_64-linux-gnu/libX11.so.6.4.0)
==24542==    by 0x4872820: XextAddDisplay (in /usr/lib/x86_64-linux-gnu/libXext.so.6.4.0)
==24542==    by 0x48779E2: XShmQueryVersion (in /usr/lib/x86_64-linux-gnu/libXext.so.6.4.0)
==24542==    by 0x1136D3: mlx_int_deal_shm (in /home/gy0m/42/git/4/BRUH/cub3D)
==24542==    by 0x113961: mlx_init (in /home/gy0m/42/git/4/BRUH/cub3D)
==24542==    by 0x1103D1: init_mlx (in /home/gy0m/42/git/4/BRUH/cub3D)
==24542==    by 0x1105B3: start_mlx (in /home/gy0m/42/git/4/BRUH/cub3D)
==24542==    by 0x10FA79: main (in /home/gy0m/42/git/4/BRUH/cub3D)
==24542== 
==24542== 128 bytes in 1 blocks are still reachable in loss record 31 of 56
==24542==    at 0x484DA83: calloc (in /usr/libexec/valgrind/vgpreload_memcheck-amd64-linux.so)
==24542==    by 0x48AD99E: XInitExtension (in /usr/lib/x86_64-linux-gnu/libX11.so.6.4.0)
==24542==    by 0x4872820: XextAddDisplay (in /usr/lib/x86_64-linux-gnu/libXext.so.6.4.0)
==24542==    by 0x487250A: ??? (in /usr/lib/x86_64-linux-gnu/libXext.so.6.4.0)
==24542==    by 0x48729C8: XextAddDisplay (in /usr/lib/x86_64-linux-gnu/libXext.so.6.4.0)
==24542==    by 0x48779E2: XShmQueryVersion (in /usr/lib/x86_64-linux-gnu/libXext.so.6.4.0)
==24542==    by 0x1136D3: mlx_int_deal_shm (in /home/gy0m/42/git/4/BRUH/cub3D)
==24542==    by 0x113961: mlx_init (in /home/gy0m/42/git/4/BRUH/cub3D)
==24542==    by 0x1103D1: init_mlx (in /home/gy0m/42/git/4/BRUH/cub3D)
==24542==    by 0x1105B3: start_mlx (in /home/gy0m/42/git/4/BRUH/cub3D)
==24542==    by 0x10FA79: main (in /home/gy0m/42/git/4/BRUH/cub3D)
==24542== 
==24542== 136 bytes in 1 blocks are still reachable in loss record 32 of 56
==24542==    at 0x4848899: malloc (in /usr/libexec/valgrind/vgpreload_memcheck-amd64-linux.so)
==24542==    by 0x11388F: mlx_init (in /home/gy0m/42/git/4/BRUH/cub3D)
==24542==    by 0x1103D1: init_mlx (in /home/gy0m/42/git/4/BRUH/cub3D)
==24542==    by 0x1105B3: start_mlx (in /home/gy0m/42/git/4/BRUH/cub3D)
==24542==    by 0x10FA79: main (in /home/gy0m/42/git/4/BRUH/cub3D)
==24542== 
==24542== 136 bytes in 1 blocks are still reachable in loss record 33 of 56
==24542==    at 0x484DA83: calloc (in /usr/libexec/valgrind/vgpreload_memcheck-amd64-linux.so)
==24542==    by 0x48710C3: XShmCreateImage (in /usr/lib/x86_64-linux-gnu/libXext.so.6.4.0)
==24542==    by 0x113F76: mlx_int_new_xshm_image (in /home/gy0m/42/git/4/BRUH/cub3D)
==24542==    by 0x114272: mlx_new_image (in /home/gy0m/42/git/4/BRUH/cub3D)
==24542==    by 0x110464: init_mlx_window (in /home/gy0m/42/git/4/BRUH/cub3D)
==24542==    by 0x1105E4: start_mlx (in /home/gy0m/42/git/4/BRUH/cub3D)
==24542==    by 0x10FA79: main (in /home/gy0m/42/git/4/BRUH/cub3D)
==24542== 
==24542== 136 bytes in 1 blocks are still reachable in loss record 34 of 56
==24542==    at 0x484DA83: calloc (in /usr/libexec/valgrind/vgpreload_memcheck-amd64-linux.so)
==24542==    by 0x48710C3: XShmCreateImage (in /usr/lib/x86_64-linux-gnu/libXext.so.6.4.0)
==24542==    by 0x113F76: mlx_int_new_xshm_image (in /home/gy0m/42/git/4/BRUH/cub3D)
==24542==    by 0x114272: mlx_new_image (in /home/gy0m/42/git/4/BRUH/cub3D)
==24542==    by 0x114B57: mlx_int_parse_xpm (in /home/gy0m/42/git/4/BRUH/cub3D)
==24542==    by 0x114F84: mlx_xpm_file_to_image (in /home/gy0m/42/git/4/BRUH/cub3D)
==24542==    by 0x110294: open_textures (in /home/gy0m/42/git/4/BRUH/cub3D)
==24542==    by 0x1105F0: start_mlx (in /home/gy0m/42/git/4/BRUH/cub3D)
==24542==    by 0x10FA79: main (in /home/gy0m/42/git/4/BRUH/cub3D)
==24542== 
==24542== 136 bytes in 1 blocks are still reachable in loss record 35 of 56
==24542==    at 0x484DA83: calloc (in /usr/libexec/valgrind/vgpreload_memcheck-amd64-linux.so)
==24542==    by 0x48710C3: XShmCreateImage (in /usr/lib/x86_64-linux-gnu/libXext.so.6.4.0)
==24542==    by 0x113F76: mlx_int_new_xshm_image (in /home/gy0m/42/git/4/BRUH/cub3D)
==24542==    by 0x114272: mlx_new_image (in /home/gy0m/42/git/4/BRUH/cub3D)
==24542==    by 0x114B57: mlx_int_parse_xpm (in /home/gy0m/42/git/4/BRUH/cub3D)
==24542==    by 0x114F84: mlx_xpm_file_to_image (in /home/gy0m/42/git/4/BRUH/cub3D)
==24542==    by 0x11032B: open_textures (in /home/gy0m/42/git/4/BRUH/cub3D)
==24542==    by 0x1105F0: start_mlx (in /home/gy0m/42/git/4/BRUH/cub3D)
==24542==    by 0x10FA79: main (in /home/gy0m/42/git/4/BRUH/cub3D)
==24542== 
==24542== 136 bytes in 1 blocks are still reachable in loss record 36 of 56
==24542==    at 0x484DA83: calloc (in /usr/libexec/valgrind/vgpreload_memcheck-amd64-linux.so)
==24542==    by 0x48710C3: XShmCreateImage (in /usr/lib/x86_64-linux-gnu/libXext.so.6.4.0)
==24542==    by 0x113F76: mlx_int_new_xshm_image (in /home/gy0m/42/git/4/BRUH/cub3D)
==24542==    by 0x114272: mlx_new_image (in /home/gy0m/42/git/4/BRUH/cub3D)
==24542==    by 0x114B57: mlx_int_parse_xpm (in /home/gy0m/42/git/4/BRUH/cub3D)
==24542==    by 0x114F84: mlx_xpm_file_to_image (in /home/gy0m/42/git/4/BRUH/cub3D)
==24542==    by 0x110129: open_textures2 (in /home/gy0m/42/git/4/BRUH/cub3D)
==24542==    by 0x1103B0: open_textures (in /home/gy0m/42/git/4/BRUH/cub3D)
==24542==    by 0x1105F0: start_mlx (in /home/gy0m/42/git/4/BRUH/cub3D)
==24542==    by 0x10FA79: main (in /home/gy0m/42/git/4/BRUH/cub3D)
==24542== 
==24542== 136 bytes in 1 blocks are still reachable in loss record 37 of 56
==24542==    at 0x484DA83: calloc (in /usr/libexec/valgrind/vgpreload_memcheck-amd64-linux.so)
==24542==    by 0x48710C3: XShmCreateImage (in /usr/lib/x86_64-linux-gnu/libXext.so.6.4.0)
==24542==    by 0x113F76: mlx_int_new_xshm_image (in /home/gy0m/42/git/4/BRUH/cub3D)
==24542==    by 0x114272: mlx_new_image (in /home/gy0m/42/git/4/BRUH/cub3D)
==24542==    by 0x114B57: mlx_int_parse_xpm (in /home/gy0m/42/git/4/BRUH/cub3D)
==24542==    by 0x114F84: mlx_xpm_file_to_image (in /home/gy0m/42/git/4/BRUH/cub3D)
==24542==    by 0x1101D8: open_textures2 (in /home/gy0m/42/git/4/BRUH/cub3D)
==24542==    by 0x1103B0: open_textures (in /home/gy0m/42/git/4/BRUH/cub3D)
==24542==    by 0x1105F0: start_mlx (in /home/gy0m/42/git/4/BRUH/cub3D)
==24542==    by 0x10FA79: main (in /home/gy0m/42/git/4/BRUH/cub3D)
==24542== 
==24542== 145 bytes in 1 blocks are still reachable in loss record 38 of 56
==24542==    at 0x4848899: malloc (in /usr/libexec/valgrind/vgpreload_memcheck-amd64-linux.so)
==24542==    by 0x48B1710: XOpenDisplay (in /usr/lib/x86_64-linux-gnu/libX11.so.6.4.0)
==24542==    by 0x1138A7: mlx_init (in /home/gy0m/42/git/4/BRUH/cub3D)
==24542==    by 0x1103D1: init_mlx (in /home/gy0m/42/git/4/BRUH/cub3D)
==24542==    by 0x1105B3: start_mlx (in /home/gy0m/42/git/4/BRUH/cub3D)
==24542==    by 0x10FA79: main (in /home/gy0m/42/git/4/BRUH/cub3D)
==24542== 
==24542== 152 bytes in 1 blocks are still reachable in loss record 39 of 56
==24542==    at 0x484DA83: calloc (in /usr/libexec/valgrind/vgpreload_memcheck-amd64-linux.so)
==24542==    by 0x491740E: XkbUseExtension (in /usr/lib/x86_64-linux-gnu/libX11.so.6.4.0)
==24542==    by 0x48B16A8: XOpenDisplay (in /usr/lib/x86_64-linux-gnu/libX11.so.6.4.0)
==24542==    by 0x1138A7: mlx_init (in /home/gy0m/42/git/4/BRUH/cub3D)
==24542==    by 0x1103D1: init_mlx (in /home/gy0m/42/git/4/BRUH/cub3D)
==24542==    by 0x1105B3: start_mlx (in /home/gy0m/42/git/4/BRUH/cub3D)
==24542==    by 0x10FA79: main (in /home/gy0m/42/git/4/BRUH/cub3D)
==24542== 
==24542== 160 bytes in 1 blocks are still reachable in loss record 40 of 56
==24542==    at 0x4848899: malloc (in /usr/libexec/valgrind/vgpreload_memcheck-amd64-linux.so)
==24542==    by 0x489F9EF: XCreateGC (in /usr/lib/x86_64-linux-gnu/libX11.so.6.4.0)
==24542==    by 0x48B15A4: XOpenDisplay (in /usr/lib/x86_64-linux-gnu/libX11.so.6.4.0)
==24542==    by 0x1138A7: mlx_init (in /home/gy0m/42/git/4/BRUH/cub3D)
==24542==    by 0x1103D1: init_mlx (in /home/gy0m/42/git/4/BRUH/cub3D)
==24542==    by 0x1105B3: start_mlx (in /home/gy0m/42/git/4/BRUH/cub3D)
==24542==    by 0x10FA79: main (in /home/gy0m/42/git/4/BRUH/cub3D)
==24542== 
==24542== 160 bytes in 1 blocks are still reachable in loss record 41 of 56
==24542==    at 0x4848899: malloc (in /usr/libexec/valgrind/vgpreload_memcheck-amd64-linux.so)
==24542==    by 0x489F9EF: XCreateGC (in /usr/lib/x86_64-linux-gnu/libX11.so.6.4.0)
==24542==    by 0x113ADE: mlx_new_window (in /home/gy0m/42/git/4/BRUH/cub3D)
==24542==    by 0x110429: init_mlx_window (in /home/gy0m/42/git/4/BRUH/cub3D)
==24542==    by 0x1105E4: start_mlx (in /home/gy0m/42/git/4/BRUH/cub3D)
==24542==    by 0x10FA79: main (in /home/gy0m/42/git/4/BRUH/cub3D)
==24542== 
==24542== 168 bytes in 1 blocks are still reachable in loss record 42 of 56
==24542==    at 0x484DA83: calloc (in /usr/libexec/valgrind/vgpreload_memcheck-amd64-linux.so)
==24542==    by 0x48B10B2: XOpenDisplay (in /usr/lib/x86_64-linux-gnu/libX11.so.6.4.0)
==24542==    by 0x1138A7: mlx_init (in /home/gy0m/42/git/4/BRUH/cub3D)
==24542==    by 0x1103D1: init_mlx (in /home/gy0m/42/git/4/BRUH/cub3D)
==24542==    by 0x1105B3: start_mlx (in /home/gy0m/42/git/4/BRUH/cub3D)
==24542==    by 0x10FA79: main (in /home/gy0m/42/git/4/BRUH/cub3D)
==24542== 
==24542== 208 bytes in 1 blocks are still reachable in loss record 43 of 56
==24542==    at 0x4848899: malloc (in /usr/libexec/valgrind/vgpreload_memcheck-amd64-linux.so)
==24542==    by 0x4870AE9: ??? (in /usr/lib/x86_64-linux-gnu/libXext.so.6.4.0)
==24542==    by 0x48729DF: XextAddDisplay (in /usr/lib/x86_64-linux-gnu/libXext.so.6.4.0)
==24542==    by 0x48779E2: XShmQueryVersion (in /usr/lib/x86_64-linux-gnu/libXext.so.6.4.0)
==24542==    by 0x1136D3: mlx_int_deal_shm (in /home/gy0m/42/git/4/BRUH/cub3D)
==24542==    by 0x113961: mlx_init (in /home/gy0m/42/git/4/BRUH/cub3D)
==24542==    by 0x1103D1: init_mlx (in /home/gy0m/42/git/4/BRUH/cub3D)
==24542==    by 0x1105B3: start_mlx (in /home/gy0m/42/git/4/BRUH/cub3D)
==24542==    by 0x10FA79: main (in /home/gy0m/42/git/4/BRUH/cub3D)
==24542== 
==24542== 208 bytes in 1 blocks are still reachable in loss record 44 of 56
==24542==    at 0x4848899: malloc (in /usr/libexec/valgrind/vgpreload_memcheck-amd64-linux.so)
==24542==    by 0x48C2FAE: _XEnq (in /usr/lib/x86_64-linux-gnu/libX11.so.6.4.0)
==24542==    by 0x48C5BB6: ??? (in /usr/lib/x86_64-linux-gnu/libX11.so.6.4.0)
==24542==    by 0x48C6EC0: _XReadEvents (in /usr/lib/x86_64-linux-gnu/libX11.so.6.4.0)
==24542==    by 0x48C7205: XWindowEvent (in /usr/lib/x86_64-linux-gnu/libX11.so.6.4.0)
==24542==    by 0x113DE5: mlx_int_wait_first_expose (in /home/gy0m/42/git/4/BRUH/cub3D)
==24542==    by 0x113B1E: mlx_new_window (in /home/gy0m/42/git/4/BRUH/cub3D)
==24542==    by 0x110429: init_mlx_window (in /home/gy0m/42/git/4/BRUH/cub3D)
==24542==    by 0x1105E4: start_mlx (in /home/gy0m/42/git/4/BRUH/cub3D)
==24542==    by 0x10FA79: main (in /home/gy0m/42/git/4/BRUH/cub3D)
==24542== 
==24542== 208 bytes in 1 blocks are still reachable in loss record 45 of 56
==24542==    at 0x4848899: malloc (in /usr/libexec/valgrind/vgpreload_memcheck-amd64-linux.so)
==24542==    by 0x48C2FAE: _XEnq (in /usr/lib/x86_64-linux-gnu/libX11.so.6.4.0)
==24542==    by 0x48C5BB6: ??? (in /usr/lib/x86_64-linux-gnu/libX11.so.6.4.0)
==24542==    by 0x48C6EC0: _XReadEvents (in /usr/lib/x86_64-linux-gnu/libX11.so.6.4.0)
==24542==    by 0x48C71D0: XWindowEvent (in /usr/lib/x86_64-linux-gnu/libX11.so.6.4.0)
==24542==    by 0x113DE5: mlx_int_wait_first_expose (in /home/gy0m/42/git/4/BRUH/cub3D)
==24542==    by 0x113B1E: mlx_new_window (in /home/gy0m/42/git/4/BRUH/cub3D)
==24542==    by 0x110429: init_mlx_window (in /home/gy0m/42/git/4/BRUH/cub3D)
==24542==    by 0x1105E4: start_mlx (in /home/gy0m/42/git/4/BRUH/cub3D)
==24542==    by 0x10FA79: main (in /home/gy0m/42/git/4/BRUH/cub3D)
==24542== 
==24542== 416 bytes in 2 blocks are still reachable in loss record 46 of 56
==24542==    at 0x4848899: malloc (in /usr/libexec/valgrind/vgpreload_memcheck-amd64-linux.so)
==24542==    by 0x48C2FAE: _XEnq (in /usr/lib/x86_64-linux-gnu/libX11.so.6.4.0)
==24542==    by 0x48C5BB6: ??? (in /usr/lib/x86_64-linux-gnu/libX11.so.6.4.0)
==24542==    by 0x48C5C69: _XEventsQueued (in /usr/lib/x86_64-linux-gnu/libX11.so.6.4.0)
==24542==    by 0x48A087D: XFlush (in /usr/lib/x86_64-linux-gnu/libX11.so.6.4.0)
==24542==    by 0x1140F7: mlx_int_new_xshm_image (in /home/gy0m/42/git/4/BRUH/cub3D)
==24542==    by 0x114272: mlx_new_image (in /home/gy0m/42/git/4/BRUH/cub3D)
==24542==    by 0x110464: init_mlx_window (in /home/gy0m/42/git/4/BRUH/cub3D)
==24542==    by 0x1105E4: start_mlx (in /home/gy0m/42/git/4/BRUH/cub3D)
==24542==    by 0x10FA79: main (in /home/gy0m/42/git/4/BRUH/cub3D)
==24542== 
==24542== 416 bytes in 2 blocks are still reachable in loss record 47 of 56
==24542==    at 0x4848899: malloc (in /usr/libexec/valgrind/vgpreload_memcheck-amd64-linux.so)
==24542==    by 0x48C2FAE: _XEnq (in /usr/lib/x86_64-linux-gnu/libX11.so.6.4.0)
==24542==    by 0x48C5BB6: ??? (in /usr/lib/x86_64-linux-gnu/libX11.so.6.4.0)
==24542==    by 0x48C740C: _XReply (in /usr/lib/x86_64-linux-gnu/libX11.so.6.4.0)
==24542==    by 0x48C777E: XSync (in /usr/lib/x86_64-linux-gnu/libX11.so.6.4.0)
==24542==    by 0x114040: mlx_int_new_xshm_image (in /home/gy0m/42/git/4/BRUH/cub3D)
==24542==    by 0x114272: mlx_new_image (in /home/gy0m/42/git/4/BRUH/cub3D)
==24542==    by 0x114B57: mlx_int_parse_xpm (in /home/gy0m/42/git/4/BRUH/cub3D)
==24542==    by 0x114F84: mlx_xpm_file_to_image (in /home/gy0m/42/git/4/BRUH/cub3D)
==24542==    by 0x110294: open_textures (in /home/gy0m/42/git/4/BRUH/cub3D)
==24542==    by 0x1105F0: start_mlx (in /home/gy0m/42/git/4/BRUH/cub3D)
==24542==    by 0x10FA79: main (in /home/gy0m/42/git/4/BRUH/cub3D)
==24542== 
==24542== 512 bytes in 1 blocks are still reachable in loss record 48 of 56
==24542==    at 0x484DA83: calloc (in /usr/libexec/valgrind/vgpreload_memcheck-amd64-linux.so)
==24542==    by 0x48AC46A: ??? (in /usr/lib/x86_64-linux-gnu/libX11.so.6.4.0)
==24542==    by 0x48AC84E: XInternAtom (in /usr/lib/x86_64-linux-gnu/libX11.so.6.4.0)
==24542==    by 0x11393B: mlx_init (in /home/gy0m/42/git/4/BRUH/cub3D)
==24542==    by 0x1103D1: init_mlx (in /home/gy0m/42/git/4/BRUH/cub3D)
==24542==    by 0x1105B3: start_mlx (in /home/gy0m/42/git/4/BRUH/cub3D)
==24542==    by 0x10FA79: main (in /home/gy0m/42/git/4/BRUH/cub3D)
==24542== 
==24542== 936 bytes in 1 blocks are still reachable in loss record 49 of 56
==24542==    at 0x4848899: malloc (in /usr/libexec/valgrind/vgpreload_memcheck-amd64-linux.so)
==24542==    by 0x113A40: mlx_new_window (in /home/gy0m/42/git/4/BRUH/cub3D)
==24542==    by 0x110429: init_mlx_window (in /home/gy0m/42/git/4/BRUH/cub3D)
==24542==    by 0x1105E4: start_mlx (in /home/gy0m/42/git/4/BRUH/cub3D)
==24542==    by 0x10FA79: main (in /home/gy0m/42/git/4/BRUH/cub3D)
==24542== 
==24542== 1,872 bytes in 9 blocks are still reachable in loss record 50 of 56
==24542==    at 0x4848899: malloc (in /usr/libexec/valgrind/vgpreload_memcheck-amd64-linux.so)
==24542==    by 0x48C2FAE: _XEnq (in /usr/lib/x86_64-linux-gnu/libX11.so.6.4.0)
==24542==    by 0x48C5BB6: ??? (in /usr/lib/x86_64-linux-gnu/libX11.so.6.4.0)
==24542==    by 0x48C6F01: _XReadEvents (in /usr/lib/x86_64-linux-gnu/libX11.so.6.4.0)
==24542==    by 0x48C71D0: XWindowEvent (in /usr/lib/x86_64-linux-gnu/libX11.so.6.4.0)
==24542==    by 0x113DE5: mlx_int_wait_first_expose (in /home/gy0m/42/git/4/BRUH/cub3D)
==24542==    by 0x113B1E: mlx_new_window (in /home/gy0m/42/git/4/BRUH/cub3D)
==24542==    by 0x110429: init_mlx_window (in /home/gy0m/42/git/4/BRUH/cub3D)
==24542==    by 0x1105E4: start_mlx (in /home/gy0m/42/git/4/BRUH/cub3D)
==24542==    by 0x10FA79: main (in /home/gy0m/42/git/4/BRUH/cub3D)
==24542== 
==24542== 2,704 bytes in 13 blocks are still reachable in loss record 51 of 56
==24542==    at 0x4848899: malloc (in /usr/libexec/valgrind/vgpreload_memcheck-amd64-linux.so)
==24542==    by 0x48C2FAE: _XEnq (in /usr/lib/x86_64-linux-gnu/libX11.so.6.4.0)
==24542==    by 0x48C5BB6: ??? (in /usr/lib/x86_64-linux-gnu/libX11.so.6.4.0)
==24542==    by 0x48C6F01: _XReadEvents (in /usr/lib/x86_64-linux-gnu/libX11.so.6.4.0)
==24542==    by 0x48C7205: XWindowEvent (in /usr/lib/x86_64-linux-gnu/libX11.so.6.4.0)
==24542==    by 0x113DE5: mlx_int_wait_first_expose (in /home/gy0m/42/git/4/BRUH/cub3D)
==24542==    by 0x113B1E: mlx_new_window (in /home/gy0m/42/git/4/BRUH/cub3D)
==24542==    by 0x110429: init_mlx_window (in /home/gy0m/42/git/4/BRUH/cub3D)
==24542==    by 0x1105E4: start_mlx (in /home/gy0m/42/git/4/BRUH/cub3D)
==24542==    by 0x10FA79: main (in /home/gy0m/42/git/4/BRUH/cub3D)
==24542== 
==24542== 4,704 bytes in 1 blocks are still reachable in loss record 52 of 56
==24542==    at 0x484DA83: calloc (in /usr/libexec/valgrind/vgpreload_memcheck-amd64-linux.so)
==24542==    by 0x48B0B31: XOpenDisplay (in /usr/lib/x86_64-linux-gnu/libX11.so.6.4.0)
==24542==    by 0x1138A7: mlx_init (in /home/gy0m/42/git/4/BRUH/cub3D)
==24542==    by 0x1103D1: init_mlx (in /home/gy0m/42/git/4/BRUH/cub3D)
==24542==    by 0x1105B3: start_mlx (in /home/gy0m/42/git/4/BRUH/cub3D)
==24542==    by 0x10FA79: main (in /home/gy0m/42/git/4/BRUH/cub3D)
==24542== 
==24542== 6,740 bytes in 1 blocks are still reachable in loss record 53 of 56
==24542==    at 0x484DCD3: realloc (in /usr/libexec/valgrind/vgpreload_memcheck-amd64-linux.so)
==24542==    by 0x4CE24FB: xcb_connect_to_fd (in /usr/lib/x86_64-linux-gnu/libxcb.so.1.1.0)
==24542==    by 0x4CE2E6B: xcb_connect_to_display_with_auth_info (in /usr/lib/x86_64-linux-gnu/libxcb.so.1.1.0)
==24542==    by 0x48C0EE9: _XConnectXCB (in /usr/lib/x86_64-linux-gnu/libX11.so.6.4.0)
==24542==    by 0x48B0B68: XOpenDisplay (in /usr/lib/x86_64-linux-gnu/libX11.so.6.4.0)
==24542==    by 0x1138A7: mlx_init (in /home/gy0m/42/git/4/BRUH/cub3D)
==24542==    by 0x1103D1: init_mlx (in /home/gy0m/42/git/4/BRUH/cub3D)
==24542==    by 0x1105B3: start_mlx (in /home/gy0m/42/git/4/BRUH/cub3D)
==24542==    by 0x10FA79: main (in /home/gy0m/42/git/4/BRUH/cub3D)
==24542== 
==24542== 15,232 bytes in 2 blocks are still reachable in loss record 54 of 56
==24542==    at 0x484DA83: calloc (in /usr/libexec/valgrind/vgpreload_memcheck-amd64-linux.so)
==24542==    by 0x48B1290: XOpenDisplay (in /usr/lib/x86_64-linux-gnu/libX11.so.6.4.0)
==24542==    by 0x1138A7: mlx_init (in /home/gy0m/42/git/4/BRUH/cub3D)
==24542==    by 0x1103D1: init_mlx (in /home/gy0m/42/git/4/BRUH/cub3D)
==24542==    by 0x1105B3: start_mlx (in /home/gy0m/42/git/4/BRUH/cub3D)
==24542==    by 0x10FA79: main (in /home/gy0m/42/git/4/BRUH/cub3D)
==24542== 
==24542== 16,384 bytes in 1 blocks are still reachable in loss record 55 of 56
==24542==    at 0x484DA83: calloc (in /usr/libexec/valgrind/vgpreload_memcheck-amd64-linux.so)
==24542==    by 0x48B0EBE: XOpenDisplay (in /usr/lib/x86_64-linux-gnu/libX11.so.6.4.0)
==24542==    by 0x1138A7: mlx_init (in /home/gy0m/42/git/4/BRUH/cub3D)
==24542==    by 0x1103D1: init_mlx (in /home/gy0m/42/git/4/BRUH/cub3D)
==24542==    by 0x1105B3: start_mlx (in /home/gy0m/42/git/4/BRUH/cub3D)
==24542==    by 0x10FA79: main (in /home/gy0m/42/git/4/BRUH/cub3D)
==24542== 
==24542== 21,168 bytes in 1 blocks are still reachable in loss record 56 of 56
==24542==    at 0x484DA83: calloc (in /usr/libexec/valgrind/vgpreload_memcheck-amd64-linux.so)
==24542==    by 0x4CE2204: xcb_connect_to_fd (in /usr/lib/x86_64-linux-gnu/libxcb.so.1.1.0)
==24542==    by 0x4CE2E6B: xcb_connect_to_display_with_auth_info (in /usr/lib/x86_64-linux-gnu/libxcb.so.1.1.0)
==24542==    by 0x48C0EE9: _XConnectXCB (in /usr/lib/x86_64-linux-gnu/libX11.so.6.4.0)
==24542==    by 0x48B0B68: XOpenDisplay (in /usr/lib/x86_64-linux-gnu/libX11.so.6.4.0)
==24542==    by 0x1138A7: mlx_init (in /home/gy0m/42/git/4/BRUH/cub3D)
==24542==    by 0x1103D1: init_mlx (in /home/gy0m/42/git/4/BRUH/cub3D)
==24542==    by 0x1105B3: start_mlx (in /home/gy0m/42/git/4/BRUH/cub3D)
==24542==    by 0x10FA79: main (in /home/gy0m/42/git/4/BRUH/cub3D)
==24542== 
==24542== LEAK SUMMARY:
==24542==    definitely lost: 0 bytes in 0 blocks
==24542==    indirectly lost: 0 bytes in 0 blocks
==24542==      possibly lost: 0 bytes in 0 blocks
==24542==    still reachable: 75,045 bytes in 79 blocks
==24542==         suppressed: 0 bytes in 0 blocks
==24542== 
==24542== For lists of detected and suppressed errors, rerun with: -s
==24542== ERROR SUMMARY: 64 errors from 64 contexts (suppressed: 1 from 1)
